<?xml version="1.0" encoding="UTF-8"?>
<testsuite xmlns:xsi="http://www.w3.org/2001/XMLSchema-instance" xsi:noNamespaceSchemaLocation="https://maven.apache.org/surefire/maven-surefire-plugin/xsd/surefire-test-report-3.0.xsd" version="3.0" name="testrunner.TestRunner" time="11.918" tests="4" errors="4" skipped="0" failures="0">
  <properties>
[...]
</properties>
  <testcase name="check login is successful with valid credentials" classname="feature to test login functionality" time="5.426">
    <error message="Step [^user enter (.*) and (.*)$] is defined with 1 parameters at &apos;stepdefinitions.LoginSteps.user_enter_username_and_password(java.lang.String)&apos;.&#10;However, the gherkin step has 2 arguments:&#10; * standard_user&#10; * secret_sauce&#10;Step text: user enter standard_user and secret_sauce" type="io.cucumber.core.exception.CucumberException"><![CDATA[io.cucumber.core.exception.CucumberException: 
Step [^user enter (.*) and (.*)$] is defined with 1 parameters at 'stepdefinitions.LoginSteps.user_enter_username_and_password(java.lang.String)'.
However, the gherkin step has 2 arguments:
 * standard_user
 * secret_sauce
Step text: user enter standard_user and secret_sauce
	at io.cucumber.core.runner.PickleStepDefinitionMatch.arityMismatch(PickleStepDefinitionMatch.java:82)
	at io.cucumber.core.runner.PickleStepDefinitionMatch.runStep(PickleStepDefinitionMatch.java:41)
	at io.cucumber.core.runner.ExecutionMode$1.execute(ExecutionMode.java:10)
	at io.cucumber.core.runner.TestStep.executeStep(TestStep.java:81)
	at io.cucumber.core.runner.TestStep.run(TestStep.java:53)
	at io.cucumber.core.runner.PickleStepTestStep.run(PickleStepTestStep.java:51)
	at io.cucumber.core.runner.TestCase.run(TestCase.java:86)
	at io.cucumber.core.runner.Runner.runPickle(Runner.java:77)
	at io.cucumber.junit.PickleRunners$NoStepDescriptions.lambda$run$0(PickleRunners.java:151)
	at io.cucumber.core.runtime.CucumberExecutionContext.lambda$runTestCase$5(CucumberExecutionContext.java:136)
	at io.cucumber.core.runtime.RethrowingThrowableCollector.executeAndThrow(RethrowingThrowableCollector.java:23)
	at io.cucumber.core.runtime.CucumberExecutionContext.runTestCase(CucumberExecutionContext.java:136)
	at io.cucumber.junit.PickleRunners$NoStepDescriptions.run(PickleRunners.java:148)
	at io.cucumber.junit.FeatureRunner.runChild(FeatureRunner.java:144)
	at io.cucumber.junit.FeatureRunner.runChild(FeatureRunner.java:28)
	at org.junit.runners.ParentRunner$4.run(ParentRunner.java:331)
	at org.junit.runners.ParentRunner$1.schedule(ParentRunner.java:79)
	at org.junit.runners.ParentRunner.runChildren(ParentRunner.java:329)
	at org.junit.runners.ParentRunner.access$100(ParentRunner.java:66)
	at org.junit.runners.ParentRunner$2.evaluate(ParentRunner.java:293)
	at org.junit.runners.ParentRunner$3.evaluate(ParentRunner.java:306)
	at org.junit.runners.ParentRunner.run(ParentRunner.java:413)
	at io.cucumber.junit.FeatureRunner.run(FeatureRunner.java:137)
	at io.cucumber.junit.Cucumber.runChild(Cucumber.java:199)
	at io.cucumber.junit.Cucumber.runChild(Cucumber.java:89)
	at org.junit.runners.ParentRunner$4.run(ParentRunner.java:331)
	at org.junit.runners.ParentRunner$1.schedule(ParentRunner.java:79)
	at org.junit.runners.ParentRunner.runChildren(ParentRunner.java:329)
	at org.junit.runners.ParentRunner.access$100(ParentRunner.java:66)
	at org.junit.runners.ParentRunner$2.evaluate(ParentRunner.java:293)
	at io.cucumber.core.runtime.CucumberExecutionContext.lambda$runFeatures$6(CucumberExecutionContext.java:147)
	at io.cucumber.core.runtime.CucumberExecutionContext.execute(CucumberExecutionContext.java:162)
	at io.cucumber.core.runtime.CucumberExecutionContext.runFeatures(CucumberExecutionContext.java:145)
	at io.cucumber.junit.Cucumber$StartAndFinishTestRun.evaluate(Cucumber.java:229)
	at org.junit.runners.ParentRunner$3.evaluate(ParentRunner.java:306)
	at org.junit.runners.ParentRunner.run(ParentRunner.java:413)
	at org.apache.maven.surefire.junit4.JUnit4Provider.execute(JUnit4Provider.java:316)
	at org.apache.maven.surefire.junit4.JUnit4Provider.executeWithRerun(JUnit4Provider.java:240)
	at org.apache.maven.surefire.junit4.JUnit4Provider.executeTestSet(JUnit4Provider.java:214)
	at org.apache.maven.surefire.junit4.JUnit4Provider.invoke(JUnit4Provider.java:155)
	at org.apache.maven.surefire.booter.ForkedBooter.runSuitesInProcess(ForkedBooter.java:385)
	at org.apache.maven.surefire.booter.ForkedBooter.execute(ForkedBooter.java:162)
	at org.apache.maven.surefire.booter.ForkedBooter.run(ForkedBooter.java:507)
	at org.apache.maven.surefire.booter.ForkedBooter.main(ForkedBooter.java:495)
]]></error>
    <system-out><![CDATA[
Scenario Outline: check login is successful with valid credentials # src/test/resources/features/login.feature:10
  When user enter standard_user and secret_sauce                   # stepdefinitions.LoginSteps.user_enter_username_and_password(java.lang.String)
      io.cucumber.core.exception.CucumberException: Step [^user enter (.*) and (.*)$] is defined with 1 parameters at 'stepdefinitions.LoginSteps.user_enter_username_and_password(java.lang.String)'.
      However, the gherkin step has 2 arguments:
       * standard_user
       * secret_sauce
      Step text: user enter standard_user and secret_sauce
      	at io.cucumber.core.runner.PickleStepDefinitionMatch.arityMismatch(PickleStepDefinitionMatch.java:82)
      	at io.cucumber.core.runner.PickleStepDefinitionMatch.runStep(PickleStepDefinitionMatch.java:41)
      	at io.cucumber.core.runner.ExecutionMode$1.execute(ExecutionMode.java:10)
      	at io.cucumber.core.runner.TestStep.executeStep(TestStep.java:81)
      	at io.cucumber.core.runner.TestStep.run(TestStep.java:53)
      	at io.cucumber.core.runner.PickleStepTestStep.run(PickleStepTestStep.java:51)
      	at io.cucumber.core.runner.TestCase.run(TestCase.java:86)
      	at io.cucumber.core.runner.Runner.runPickle(Runner.java:77)
      	at io.cucumber.junit.PickleRunners$NoStepDescriptions.lambda$run$0(PickleRunners.java:151)
      	at io.cucumber.core.runtime.CucumberExecutionContext.lambda$runTestCase$5(CucumberExecutionContext.java:136)
      	at io.cucumber.core.runtime.RethrowingThrowableCollector.executeAndThrow(RethrowingThrowableCollector.java:23)
      	at io.cucumber.core.runtime.CucumberExecutionContext.runTestCase(CucumberExecutionContext.java:136)
      	at io.cucumber.junit.PickleRunners$NoStepDescriptions.run(PickleRunners.java:148)
      	at io.cucumber.junit.FeatureRunner.runChild(FeatureRunner.java:144)
      	at io.cucumber.junit.FeatureRunner.runChild(FeatureRunner.java:28)
      	at org.junit.runners.ParentRunner$4.run(ParentRunner.java:331)
      	at org.junit.runners.ParentRunner$1.schedule(ParentRunner.java:79)
      	at org.junit.runners.ParentRunner.runChildren(ParentRunner.java:329)
      	at org.junit.runners.ParentRunner.access$100(ParentRunner.java:66)
      	at org.junit.runners.ParentRunner$2.evaluate(ParentRunner.java:293)
      	at org.junit.runners.ParentRunner$3.evaluate(ParentRunner.java:306)
      	at org.junit.runners.ParentRunner.run(ParentRunner.java:413)
      	at io.cucumber.junit.FeatureRunner.run(FeatureRunner.java:137)
      	at io.cucumber.junit.Cucumber.runChild(Cucumber.java:199)
      	at io.cucumber.junit.Cucumber.runChild(Cucumber.java:89)
      	at org.junit.runners.ParentRunner$4.run(ParentRunner.java:331)
      	at org.junit.runners.ParentRunner$1.schedule(ParentRunner.java:79)
      	at org.junit.runners.ParentRunner.runChildren(ParentRunner.java:329)
      	at org.junit.runners.ParentRunner.access$100(ParentRunner.java:66)
      	at org.junit.runners.ParentRunner$2.evaluate(ParentRunner.java:293)
      	at io.cucumber.core.runtime.CucumberExecutionContext.lambda$runFeatures$6(CucumberExecutionContext.java:147)
      	at io.cucumber.core.runtime.CucumberExecutionContext.execute(CucumberExecutionContext.java:162)
      	at io.cucumber.core.runtime.CucumberExecutionContext.runFeatures(CucumberExecutionContext.java:145)
      	at io.cucumber.junit.Cucumber$StartAndFinishTestRun.evaluate(Cucumber.java:229)
      	at org.junit.runners.ParentRunner$3.evaluate(ParentRunner.java:306)
      	at org.junit.runners.ParentRunner.run(ParentRunner.java:413)
      	at org.apache.maven.surefire.junit4.JUnit4Provider.execute(JUnit4Provider.java:316)
      	at org.apache.maven.surefire.junit4.JUnit4Provider.executeWithRerun(JUnit4Provider.java:240)
      	at org.apache.maven.surefire.junit4.JUnit4Provider.executeTestSet(JUnit4Provider.java:214)
      	at org.apache.maven.surefire.junit4.JUnit4Provider.invoke(JUnit4Provider.java:155)
      	at org.apache.maven.surefire.booter.ForkedBooter.runSuitesInProcess(ForkedBooter.java:385)
      	at org.apache.maven.surefire.booter.ForkedBooter.execute(ForkedBooter.java:162)
      	at org.apache.maven.surefire.booter.ForkedBooter.run(ForkedBooter.java:507)
      	at org.apache.maven.surefire.booter.ForkedBooter.main(ForkedBooter.java:495)
  And click on login button                                        # stepdefinitions.LoginSteps.click_on_login_button()
  Then user is navigated to the home page                          # stepdefinitions.LoginSteps.user_is_navigated_to_the_home_page()
]]></system-out>
    <system-err><![CDATA[SLF4J(W): No SLF4J providers were found.
SLF4J(W): Defaulting to no-operation (NOP) logger implementation
SLF4J(W): See https://www.slf4j.org/codes.html#noProviders for further details.
]]></system-err>
  </testcase>
  <testcase name="check login functionality with invalid credentials #1" classname="feature to test login functionality" time="1.826">
    <error message="Step [^user enter (.*) and (.*)$] is defined with 1 parameters at &apos;stepdefinitions.LoginSteps.user_enter_username_and_password(java.lang.String)&apos;.&#10;However, the gherkin step has 2 arguments:&#10; * locked_out_user&#10; * secret_sauce&#10;Step text: user enter locked_out_user and secret_sauce" type="io.cucumber.core.exception.CucumberException"><![CDATA[io.cucumber.core.exception.CucumberException: 
Step [^user enter (.*) and (.*)$] is defined with 1 parameters at 'stepdefinitions.LoginSteps.user_enter_username_and_password(java.lang.String)'.
However, the gherkin step has 2 arguments:
 * locked_out_user
 * secret_sauce
Step text: user enter locked_out_user and secret_sauce
	at io.cucumber.core.runner.PickleStepDefinitionMatch.arityMismatch(PickleStepDefinitionMatch.java:82)
	at io.cucumber.core.runner.PickleStepDefinitionMatch.runStep(PickleStepDefinitionMatch.java:41)
	at io.cucumber.core.runner.ExecutionMode$1.execute(ExecutionMode.java:10)
	at io.cucumber.core.runner.TestStep.executeStep(TestStep.java:81)
	at io.cucumber.core.runner.TestStep.run(TestStep.java:53)
	at io.cucumber.core.runner.PickleStepTestStep.run(PickleStepTestStep.java:51)
	at io.cucumber.core.runner.TestCase.run(TestCase.java:86)
	at io.cucumber.core.runner.Runner.runPickle(Runner.java:77)
	at io.cucumber.junit.PickleRunners$NoStepDescriptions.lambda$run$0(PickleRunners.java:151)
	at io.cucumber.core.runtime.CucumberExecutionContext.lambda$runTestCase$5(CucumberExecutionContext.java:136)
	at io.cucumber.core.runtime.RethrowingThrowableCollector.executeAndThrow(RethrowingThrowableCollector.java:23)
	at io.cucumber.core.runtime.CucumberExecutionContext.runTestCase(CucumberExecutionContext.java:136)
	at io.cucumber.junit.PickleRunners$NoStepDescriptions.run(PickleRunners.java:148)
	at io.cucumber.junit.FeatureRunner.runChild(FeatureRunner.java:144)
	at io.cucumber.junit.FeatureRunner.runChild(FeatureRunner.java:28)
	at org.junit.runners.ParentRunner$4.run(ParentRunner.java:331)
	at org.junit.runners.ParentRunner$1.schedule(ParentRunner.java:79)
	at org.junit.runners.ParentRunner.runChildren(ParentRunner.java:329)
	at org.junit.runners.ParentRunner.access$100(ParentRunner.java:66)
	at org.junit.runners.ParentRunner$2.evaluate(ParentRunner.java:293)
	at org.junit.runners.ParentRunner$3.evaluate(ParentRunner.java:306)
	at org.junit.runners.ParentRunner.run(ParentRunner.java:413)
	at io.cucumber.junit.FeatureRunner.run(FeatureRunner.java:137)
	at io.cucumber.junit.Cucumber.runChild(Cucumber.java:199)
	at io.cucumber.junit.Cucumber.runChild(Cucumber.java:89)
	at org.junit.runners.ParentRunner$4.run(ParentRunner.java:331)
	at org.junit.runners.ParentRunner$1.schedule(ParentRunner.java:79)
	at org.junit.runners.ParentRunner.runChildren(ParentRunner.java:329)
	at org.junit.runners.ParentRunner.access$100(ParentRunner.java:66)
	at org.junit.runners.ParentRunner$2.evaluate(ParentRunner.java:293)
	at io.cucumber.core.runtime.CucumberExecutionContext.lambda$runFeatures$6(CucumberExecutionContext.java:147)
	at io.cucumber.core.runtime.CucumberExecutionContext.execute(CucumberExecutionContext.java:162)
	at io.cucumber.core.runtime.CucumberExecutionContext.runFeatures(CucumberExecutionContext.java:145)
	at io.cucumber.junit.Cucumber$StartAndFinishTestRun.evaluate(Cucumber.java:229)
	at org.junit.runners.ParentRunner$3.evaluate(ParentRunner.java:306)
	at org.junit.runners.ParentRunner.run(ParentRunner.java:413)
	at org.apache.maven.surefire.junit4.JUnit4Provider.execute(JUnit4Provider.java:316)
	at org.apache.maven.surefire.junit4.JUnit4Provider.executeWithRerun(JUnit4Provider.java:240)
	at org.apache.maven.surefire.junit4.JUnit4Provider.executeTestSet(JUnit4Provider.java:214)
	at org.apache.maven.surefire.junit4.JUnit4Provider.invoke(JUnit4Provider.java:155)
	at org.apache.maven.surefire.booter.ForkedBooter.runSuitesInProcess(ForkedBooter.java:385)
	at org.apache.maven.surefire.booter.ForkedBooter.execute(ForkedBooter.java:162)
	at org.apache.maven.surefire.booter.ForkedBooter.run(ForkedBooter.java:507)
	at org.apache.maven.surefire.booter.ForkedBooter.main(ForkedBooter.java:495)
]]></error>
    <system-out><![CDATA[
Scenario Outline: check login functionality with invalid credentials # src/test/resources/features/login.feature:19
  When user enter locked_out_user and secret_sauce                   # stepdefinitions.LoginSteps.user_enter_username_and_password(java.lang.String)
      io.cucumber.core.exception.CucumberException: Step [^user enter (.*) and (.*)$] is defined with 1 parameters at 'stepdefinitions.LoginSteps.user_enter_username_and_password(java.lang.String)'.
      However, the gherkin step has 2 arguments:
       * locked_out_user
       * secret_sauce
      Step text: user enter locked_out_user and secret_sauce
      	at io.cucumber.core.runner.PickleStepDefinitionMatch.arityMismatch(PickleStepDefinitionMatch.java:82)
      	at io.cucumber.core.runner.PickleStepDefinitionMatch.runStep(PickleStepDefinitionMatch.java:41)
      	at io.cucumber.core.runner.ExecutionMode$1.execute(ExecutionMode.java:10)
      	at io.cucumber.core.runner.TestStep.executeStep(TestStep.java:81)
      	at io.cucumber.core.runner.TestStep.run(TestStep.java:53)
      	at io.cucumber.core.runner.PickleStepTestStep.run(PickleStepTestStep.java:51)
      	at io.cucumber.core.runner.TestCase.run(TestCase.java:86)
      	at io.cucumber.core.runner.Runner.runPickle(Runner.java:77)
      	at io.cucumber.junit.PickleRunners$NoStepDescriptions.lambda$run$0(PickleRunners.java:151)
      	at io.cucumber.core.runtime.CucumberExecutionContext.lambda$runTestCase$5(CucumberExecutionContext.java:136)
      	at io.cucumber.core.runtime.RethrowingThrowableCollector.executeAndThrow(RethrowingThrowableCollector.java:23)
      	at io.cucumber.core.runtime.CucumberExecutionContext.runTestCase(CucumberExecutionContext.java:136)
      	at io.cucumber.junit.PickleRunners$NoStepDescriptions.run(PickleRunners.java:148)
      	at io.cucumber.junit.FeatureRunner.runChild(FeatureRunner.java:144)
      	at io.cucumber.junit.FeatureRunner.runChild(FeatureRunner.java:28)
      	at org.junit.runners.ParentRunner$4.run(ParentRunner.java:331)
      	at org.junit.runners.ParentRunner$1.schedule(ParentRunner.java:79)
      	at org.junit.runners.ParentRunner.runChildren(ParentRunner.java:329)
      	at org.junit.runners.ParentRunner.access$100(ParentRunner.java:66)
      	at org.junit.runners.ParentRunner$2.evaluate(ParentRunner.java:293)
      	at org.junit.runners.ParentRunner$3.evaluate(ParentRunner.java:306)
      	at org.junit.runners.ParentRunner.run(ParentRunner.java:413)
      	at io.cucumber.junit.FeatureRunner.run(FeatureRunner.java:137)
      	at io.cucumber.junit.Cucumber.runChild(Cucumber.java:199)
      	at io.cucumber.junit.Cucumber.runChild(Cucumber.java:89)
      	at org.junit.runners.ParentRunner$4.run(ParentRunner.java:331)
      	at org.junit.runners.ParentRunner$1.schedule(ParentRunner.java:79)
      	at org.junit.runners.ParentRunner.runChildren(ParentRunner.java:329)
      	at org.junit.runners.ParentRunner.access$100(ParentRunner.java:66)
      	at org.junit.runners.ParentRunner$2.evaluate(ParentRunner.java:293)
      	at io.cucumber.core.runtime.CucumberExecutionContext.lambda$runFeatures$6(CucumberExecutionContext.java:147)
      	at io.cucumber.core.runtime.CucumberExecutionContext.execute(CucumberExecutionContext.java:162)
      	at io.cucumber.core.runtime.CucumberExecutionContext.runFeatures(CucumberExecutionContext.java:145)
      	at io.cucumber.junit.Cucumber$StartAndFinishTestRun.evaluate(Cucumber.java:229)
      	at org.junit.runners.ParentRunner$3.evaluate(ParentRunner.java:306)
      	at org.junit.runners.ParentRunner.run(ParentRunner.java:413)
      	at org.apache.maven.surefire.junit4.JUnit4Provider.execute(JUnit4Provider.java:316)
      	at org.apache.maven.surefire.junit4.JUnit4Provider.executeWithRerun(JUnit4Provider.java:240)
      	at org.apache.maven.surefire.junit4.JUnit4Provider.executeTestSet(JUnit4Provider.java:214)
      	at org.apache.maven.surefire.junit4.JUnit4Provider.invoke(JUnit4Provider.java:155)
      	at org.apache.maven.surefire.booter.ForkedBooter.runSuitesInProcess(ForkedBooter.java:385)
      	at org.apache.maven.surefire.booter.ForkedBooter.execute(ForkedBooter.java:162)
      	at org.apache.maven.surefire.booter.ForkedBooter.run(ForkedBooter.java:507)
      	at org.apache.maven.surefire.booter.ForkedBooter.main(ForkedBooter.java:495)
  And click on login button                                          # stepdefinitions.LoginSteps.click_on_login_button()
  Then user is navigated to the home page                            # stepdefinitions.LoginSteps.user_is_navigated_to_the_home_page()
]]></system-out>
  </testcase>
  <testcase name="check login functionality with invalid credentials #2" classname="feature to test login functionality" time="1.918">
    <error message="Step [^user enter (.*) and (.*)$] is defined with 1 parameters at &apos;stepdefinitions.LoginSteps.user_enter_username_and_password(java.lang.String)&apos;.&#10;However, the gherkin step has 2 arguments:&#10; * problem_user&#10; * secret_sauce&#10;Step text: user enter problem_user and secret_sauce" type="io.cucumber.core.exception.CucumberException"><![CDATA[io.cucumber.core.exception.CucumberException: 
Step [^user enter (.*) and (.*)$] is defined with 1 parameters at 'stepdefinitions.LoginSteps.user_enter_username_and_password(java.lang.String)'.
However, the gherkin step has 2 arguments:
 * problem_user
 * secret_sauce
Step text: user enter problem_user and secret_sauce
	at io.cucumber.core.runner.PickleStepDefinitionMatch.arityMismatch(PickleStepDefinitionMatch.java:82)
	at io.cucumber.core.runner.PickleStepDefinitionMatch.runStep(PickleStepDefinitionMatch.java:41)
	at io.cucumber.core.runner.ExecutionMode$1.execute(ExecutionMode.java:10)
	at io.cucumber.core.runner.TestStep.executeStep(TestStep.java:81)
	at io.cucumber.core.runner.TestStep.run(TestStep.java:53)
	at io.cucumber.core.runner.PickleStepTestStep.run(PickleStepTestStep.java:51)
	at io.cucumber.core.runner.TestCase.run(TestCase.java:86)
	at io.cucumber.core.runner.Runner.runPickle(Runner.java:77)
	at io.cucumber.junit.PickleRunners$NoStepDescriptions.lambda$run$0(PickleRunners.java:151)
	at io.cucumber.core.runtime.CucumberExecutionContext.lambda$runTestCase$5(CucumberExecutionContext.java:136)
	at io.cucumber.core.runtime.RethrowingThrowableCollector.executeAndThrow(RethrowingThrowableCollector.java:23)
	at io.cucumber.core.runtime.CucumberExecutionContext.runTestCase(CucumberExecutionContext.java:136)
	at io.cucumber.junit.PickleRunners$NoStepDescriptions.run(PickleRunners.java:148)
	at io.cucumber.junit.FeatureRunner.runChild(FeatureRunner.java:144)
	at io.cucumber.junit.FeatureRunner.runChild(FeatureRunner.java:28)
	at org.junit.runners.ParentRunner$4.run(ParentRunner.java:331)
	at org.junit.runners.ParentRunner$1.schedule(ParentRunner.java:79)
	at org.junit.runners.ParentRunner.runChildren(ParentRunner.java:329)
	at org.junit.runners.ParentRunner.access$100(ParentRunner.java:66)
	at org.junit.runners.ParentRunner$2.evaluate(ParentRunner.java:293)
	at org.junit.runners.ParentRunner$3.evaluate(ParentRunner.java:306)
	at org.junit.runners.ParentRunner.run(ParentRunner.java:413)
	at io.cucumber.junit.FeatureRunner.run(FeatureRunner.java:137)
	at io.cucumber.junit.Cucumber.runChild(Cucumber.java:199)
	at io.cucumber.junit.Cucumber.runChild(Cucumber.java:89)
	at org.junit.runners.ParentRunner$4.run(ParentRunner.java:331)
	at org.junit.runners.ParentRunner$1.schedule(ParentRunner.java:79)
	at org.junit.runners.ParentRunner.runChildren(ParentRunner.java:329)
	at org.junit.runners.ParentRunner.access$100(ParentRunner.java:66)
	at org.junit.runners.ParentRunner$2.evaluate(ParentRunner.java:293)
	at io.cucumber.core.runtime.CucumberExecutionContext.lambda$runFeatures$6(CucumberExecutionContext.java:147)
	at io.cucumber.core.runtime.CucumberExecutionContext.execute(CucumberExecutionContext.java:162)
	at io.cucumber.core.runtime.CucumberExecutionContext.runFeatures(CucumberExecutionContext.java:145)
	at io.cucumber.junit.Cucumber$StartAndFinishTestRun.evaluate(Cucumber.java:229)
	at org.junit.runners.ParentRunner$3.evaluate(ParentRunner.java:306)
	at org.junit.runners.ParentRunner.run(ParentRunner.java:413)
	at org.apache.maven.surefire.junit4.JUnit4Provider.execute(JUnit4Provider.java:316)
	at org.apache.maven.surefire.junit4.JUnit4Provider.executeWithRerun(JUnit4Provider.java:240)
	at org.apache.maven.surefire.junit4.JUnit4Provider.executeTestSet(JUnit4Provider.java:214)
	at org.apache.maven.surefire.junit4.JUnit4Provider.invoke(JUnit4Provider.java:155)
	at org.apache.maven.surefire.booter.ForkedBooter.runSuitesInProcess(ForkedBooter.java:385)
	at org.apache.maven.surefire.booter.ForkedBooter.execute(ForkedBooter.java:162)
	at org.apache.maven.surefire.booter.ForkedBooter.run(ForkedBooter.java:507)
	at org.apache.maven.surefire.booter.ForkedBooter.main(ForkedBooter.java:495)
]]></error>
    <system-out><![CDATA[
Scenario Outline: check login functionality with invalid credentials # src/test/resources/features/login.feature:20
  When user enter problem_user and secret_sauce                      # stepdefinitions.LoginSteps.user_enter_username_and_password(java.lang.String)
      io.cucumber.core.exception.CucumberException: Step [^user enter (.*) and (.*)$] is defined with 1 parameters at 'stepdefinitions.LoginSteps.user_enter_username_and_password(java.lang.String)'.
      However, the gherkin step has 2 arguments:
       * problem_user
       * secret_sauce
      Step text: user enter problem_user and secret_sauce
      	at io.cucumber.core.runner.PickleStepDefinitionMatch.arityMismatch(PickleStepDefinitionMatch.java:82)
      	at io.cucumber.core.runner.PickleStepDefinitionMatch.runStep(PickleStepDefinitionMatch.java:41)
      	at io.cucumber.core.runner.ExecutionMode$1.execute(ExecutionMode.java:10)
      	at io.cucumber.core.runner.TestStep.executeStep(TestStep.java:81)
      	at io.cucumber.core.runner.TestStep.run(TestStep.java:53)
      	at io.cucumber.core.runner.PickleStepTestStep.run(PickleStepTestStep.java:51)
      	at io.cucumber.core.runner.TestCase.run(TestCase.java:86)
      	at io.cucumber.core.runner.Runner.runPickle(Runner.java:77)
      	at io.cucumber.junit.PickleRunners$NoStepDescriptions.lambda$run$0(PickleRunners.java:151)
      	at io.cucumber.core.runtime.CucumberExecutionContext.lambda$runTestCase$5(CucumberExecutionContext.java:136)
      	at io.cucumber.core.runtime.RethrowingThrowableCollector.executeAndThrow(RethrowingThrowableCollector.java:23)
      	at io.cucumber.core.runtime.CucumberExecutionContext.runTestCase(CucumberExecutionContext.java:136)
      	at io.cucumber.junit.PickleRunners$NoStepDescriptions.run(PickleRunners.java:148)
      	at io.cucumber.junit.FeatureRunner.runChild(FeatureRunner.java:144)
      	at io.cucumber.junit.FeatureRunner.runChild(FeatureRunner.java:28)
      	at org.junit.runners.ParentRunner$4.run(ParentRunner.java:331)
      	at org.junit.runners.ParentRunner$1.schedule(ParentRunner.java:79)
      	at org.junit.runners.ParentRunner.runChildren(ParentRunner.java:329)
      	at org.junit.runners.ParentRunner.access$100(ParentRunner.java:66)
      	at org.junit.runners.ParentRunner$2.evaluate(ParentRunner.java:293)
      	at org.junit.runners.ParentRunner$3.evaluate(ParentRunner.java:306)
      	at org.junit.runners.ParentRunner.run(ParentRunner.java:413)
      	at io.cucumber.junit.FeatureRunner.run(FeatureRunner.java:137)
      	at io.cucumber.junit.Cucumber.runChild(Cucumber.java:199)
      	at io.cucumber.junit.Cucumber.runChild(Cucumber.java:89)
      	at org.junit.runners.ParentRunner$4.run(ParentRunner.java:331)
      	at org.junit.runners.ParentRunner$1.schedule(ParentRunner.java:79)
      	at org.junit.runners.ParentRunner.runChildren(ParentRunner.java:329)
      	at org.junit.runners.ParentRunner.access$100(ParentRunner.java:66)
      	at org.junit.runners.ParentRunner$2.evaluate(ParentRunner.java:293)
      	at io.cucumber.core.runtime.CucumberExecutionContext.lambda$runFeatures$6(CucumberExecutionContext.java:147)
      	at io.cucumber.core.runtime.CucumberExecutionContext.execute(CucumberExecutionContext.java:162)
      	at io.cucumber.core.runtime.CucumberExecutionContext.runFeatures(CucumberExecutionContext.java:145)
      	at io.cucumber.junit.Cucumber$StartAndFinishTestRun.evaluate(Cucumber.java:229)
      	at org.junit.runners.ParentRunner$3.evaluate(ParentRunner.java:306)
      	at org.junit.runners.ParentRunner.run(ParentRunner.java:413)
      	at org.apache.maven.surefire.junit4.JUnit4Provider.execute(JUnit4Provider.java:316)
      	at org.apache.maven.surefire.junit4.JUnit4Provider.executeWithRerun(JUnit4Provider.java:240)
      	at org.apache.maven.surefire.junit4.JUnit4Provider.executeTestSet(JUnit4Provider.java:214)
      	at org.apache.maven.surefire.junit4.JUnit4Provider.invoke(JUnit4Provider.java:155)
      	at org.apache.maven.surefire.booter.ForkedBooter.runSuitesInProcess(ForkedBooter.java:385)
      	at org.apache.maven.surefire.booter.ForkedBooter.execute(ForkedBooter.java:162)
      	at org.apache.maven.surefire.booter.ForkedBooter.run(ForkedBooter.java:507)
      	at org.apache.maven.surefire.booter.ForkedBooter.main(ForkedBooter.java:495)
  And click on login button                                          # stepdefinitions.LoginSteps.click_on_login_button()
  Then user is navigated to the home page                            # stepdefinitions.LoginSteps.user_is_navigated_to_the_home_page()
]]></system-out>
  </testcase>
  <testcase name="check login functionality with invalid credentials #3" classname="feature to test login functionality" time="2.184">
    <error message="Step [^user enter (.*) and (.*)$] is defined with 1 parameters at &apos;stepdefinitions.LoginSteps.user_enter_username_and_password(java.lang.String)&apos;.&#10;However, the gherkin step has 2 arguments:&#10; * performance_glitch_user&#10; * secret_sauce&#10;Step text: user enter performance_glitch_user and secret_sauce" type="io.cucumber.core.exception.CucumberException"><![CDATA[io.cucumber.core.exception.CucumberException: 
Step [^user enter (.*) and (.*)$] is defined with 1 parameters at 'stepdefinitions.LoginSteps.user_enter_username_and_password(java.lang.String)'.
However, the gherkin step has 2 arguments:
 * performance_glitch_user
 * secret_sauce
Step text: user enter performance_glitch_user and secret_sauce
	at io.cucumber.core.runner.PickleStepDefinitionMatch.arityMismatch(PickleStepDefinitionMatch.java:82)
	at io.cucumber.core.runner.PickleStepDefinitionMatch.runStep(PickleStepDefinitionMatch.java:41)
	at io.cucumber.core.runner.ExecutionMode$1.execute(ExecutionMode.java:10)
	at io.cucumber.core.runner.TestStep.executeStep(TestStep.java:81)
	at io.cucumber.core.runner.TestStep.run(TestStep.java:53)
	at io.cucumber.core.runner.PickleStepTestStep.run(PickleStepTestStep.java:51)
	at io.cucumber.core.runner.TestCase.run(TestCase.java:86)
	at io.cucumber.core.runner.Runner.runPickle(Runner.java:77)
	at io.cucumber.junit.PickleRunners$NoStepDescriptions.lambda$run$0(PickleRunners.java:151)
	at io.cucumber.core.runtime.CucumberExecutionContext.lambda$runTestCase$5(CucumberExecutionContext.java:136)
	at io.cucumber.core.runtime.RethrowingThrowableCollector.executeAndThrow(RethrowingThrowableCollector.java:23)
	at io.cucumber.core.runtime.CucumberExecutionContext.runTestCase(CucumberExecutionContext.java:136)
	at io.cucumber.junit.PickleRunners$NoStepDescriptions.run(PickleRunners.java:148)
	at io.cucumber.junit.FeatureRunner.runChild(FeatureRunner.java:144)
	at io.cucumber.junit.FeatureRunner.runChild(FeatureRunner.java:28)
	at org.junit.runners.ParentRunner$4.run(ParentRunner.java:331)
	at org.junit.runners.ParentRunner$1.schedule(ParentRunner.java:79)
	at org.junit.runners.ParentRunner.runChildren(ParentRunner.java:329)
	at org.junit.runners.ParentRunner.access$100(ParentRunner.java:66)
	at org.junit.runners.ParentRunner$2.evaluate(ParentRunner.java:293)
	at org.junit.runners.ParentRunner$3.evaluate(ParentRunner.java:306)
	at org.junit.runners.ParentRunner.run(ParentRunner.java:413)
	at io.cucumber.junit.FeatureRunner.run(FeatureRunner.java:137)
	at io.cucumber.junit.Cucumber.runChild(Cucumber.java:199)
	at io.cucumber.junit.Cucumber.runChild(Cucumber.java:89)
	at org.junit.runners.ParentRunner$4.run(ParentRunner.java:331)
	at org.junit.runners.ParentRunner$1.schedule(ParentRunner.java:79)
	at org.junit.runners.ParentRunner.runChildren(ParentRunner.java:329)
	at org.junit.runners.ParentRunner.access$100(ParentRunner.java:66)
	at org.junit.runners.ParentRunner$2.evaluate(ParentRunner.java:293)
	at io.cucumber.core.runtime.CucumberExecutionContext.lambda$runFeatures$6(CucumberExecutionContext.java:147)
	at io.cucumber.core.runtime.CucumberExecutionContext.execute(CucumberExecutionContext.java:162)
	at io.cucumber.core.runtime.CucumberExecutionContext.runFeatures(CucumberExecutionContext.java:145)
	at io.cucumber.junit.Cucumber$StartAndFinishTestRun.evaluate(Cucumber.java:229)
	at org.junit.runners.ParentRunner$3.evaluate(ParentRunner.java:306)
	at org.junit.runners.ParentRunner.run(ParentRunner.java:413)
	at org.apache.maven.surefire.junit4.JUnit4Provider.execute(JUnit4Provider.java:316)
	at org.apache.maven.surefire.junit4.JUnit4Provider.executeWithRerun(JUnit4Provider.java:240)
	at org.apache.maven.surefire.junit4.JUnit4Provider.executeTestSet(JUnit4Provider.java:214)
	at org.apache.maven.surefire.junit4.JUnit4Provider.invoke(JUnit4Provider.java:155)
	at org.apache.maven.surefire.booter.ForkedBooter.runSuitesInProcess(ForkedBooter.java:385)
	at org.apache.maven.surefire.booter.ForkedBooter.execute(ForkedBooter.java:162)
	at org.apache.maven.surefire.booter.ForkedBooter.run(ForkedBooter.java:507)
	at org.apache.maven.surefire.booter.ForkedBooter.main(ForkedBooter.java:495)
]]></error>
    <system-out><![CDATA[
Scenario Outline: check login functionality with invalid credentials # src/test/resources/features/login.feature:21
  When user enter performance_glitch_user and secret_sauce           # stepdefinitions.LoginSteps.user_enter_username_and_password(java.lang.String)
      io.cucumber.core.exception.CucumberException: Step [^user enter (.*) and (.*)$] is defined with 1 parameters at 'stepdefinitions.LoginSteps.user_enter_username_and_password(java.lang.String)'.
      However, the gherkin step has 2 arguments:
       * performance_glitch_user
       * secret_sauce
      Step text: user enter performance_glitch_user and secret_sauce
      	at io.cucumber.core.runner.PickleStepDefinitionMatch.arityMismatch(PickleStepDefinitionMatch.java:82)
      	at io.cucumber.core.runner.PickleStepDefinitionMatch.runStep(PickleStepDefinitionMatch.java:41)
      	at io.cucumber.core.runner.ExecutionMode$1.execute(ExecutionMode.java:10)
      	at io.cucumber.core.runner.TestStep.executeStep(TestStep.java:81)
      	at io.cucumber.core.runner.TestStep.run(TestStep.java:53)
      	at io.cucumber.core.runner.PickleStepTestStep.run(PickleStepTestStep.java:51)
      	at io.cucumber.core.runner.TestCase.run(TestCase.java:86)
      	at io.cucumber.core.runner.Runner.runPickle(Runner.java:77)
      	at io.cucumber.junit.PickleRunners$NoStepDescriptions.lambda$run$0(PickleRunners.java:151)
      	at io.cucumber.core.runtime.CucumberExecutionContext.lambda$runTestCase$5(CucumberExecutionContext.java:136)
      	at io.cucumber.core.runtime.RethrowingThrowableCollector.executeAndThrow(RethrowingThrowableCollector.java:23)
      	at io.cucumber.core.runtime.CucumberExecutionContext.runTestCase(CucumberExecutionContext.java:136)
      	at io.cucumber.junit.PickleRunners$NoStepDescriptions.run(PickleRunners.java:148)
      	at io.cucumber.junit.FeatureRunner.runChild(FeatureRunner.java:144)
      	at io.cucumber.junit.FeatureRunner.runChild(FeatureRunner.java:28)
      	at org.junit.runners.ParentRunner$4.run(ParentRunner.java:331)
      	at org.junit.runners.ParentRunner$1.schedule(ParentRunner.java:79)
      	at org.junit.runners.ParentRunner.runChildren(ParentRunner.java:329)
      	at org.junit.runners.ParentRunner.access$100(ParentRunner.java:66)
      	at org.junit.runners.ParentRunner$2.evaluate(ParentRunner.java:293)
      	at org.junit.runners.ParentRunner$3.evaluate(ParentRunner.java:306)
      	at org.junit.runners.ParentRunner.run(ParentRunner.java:413)
      	at io.cucumber.junit.FeatureRunner.run(FeatureRunner.java:137)
      	at io.cucumber.junit.Cucumber.runChild(Cucumber.java:199)
      	at io.cucumber.junit.Cucumber.runChild(Cucumber.java:89)
      	at org.junit.runners.ParentRunner$4.run(ParentRunner.java:331)
      	at org.junit.runners.ParentRunner$1.schedule(ParentRunner.java:79)
      	at org.junit.runners.ParentRunner.runChildren(ParentRunner.java:329)
      	at org.junit.runners.ParentRunner.access$100(ParentRunner.java:66)
      	at org.junit.runners.ParentRunner$2.evaluate(ParentRunner.java:293)
      	at io.cucumber.core.runtime.CucumberExecutionContext.lambda$runFeatures$6(CucumberExecutionContext.java:147)
      	at io.cucumber.core.runtime.CucumberExecutionContext.execute(CucumberExecutionContext.java:162)
      	at io.cucumber.core.runtime.CucumberExecutionContext.runFeatures(CucumberExecutionContext.java:145)
      	at io.cucumber.junit.Cucumber$StartAndFinishTestRun.evaluate(Cucumber.java:229)
      	at org.junit.runners.ParentRunner$3.evaluate(ParentRunner.java:306)
      	at org.junit.runners.ParentRunner.run(ParentRunner.java:413)
      	at org.apache.maven.surefire.junit4.JUnit4Provider.execute(JUnit4Provider.java:316)
      	at org.apache.maven.surefire.junit4.JUnit4Provider.executeWithRerun(JUnit4Provider.java:240)
      	at org.apache.maven.surefire.junit4.JUnit4Provider.executeTestSet(JUnit4Provider.java:214)
      	at org.apache.maven.surefire.junit4.JUnit4Provider.invoke(JUnit4Provider.java:155)
      	at org.apache.maven.surefire.booter.ForkedBooter.runSuitesInProcess(ForkedBooter.java:385)
      	at org.apache.maven.surefire.booter.ForkedBooter.execute(ForkedBooter.java:162)
      	at org.apache.maven.surefire.booter.ForkedBooter.run(ForkedBooter.java:507)
      	at org.apache.maven.surefire.booter.ForkedBooter.main(ForkedBooter.java:495)
  And click on login button                                          # stepdefinitions.LoginSteps.click_on_login_button()
  Then user is navigated to the home page                            # stepdefinitions.LoginSteps.user_is_navigated_to_the_home_page()
]]></system-out>
  </testcase>
</testsuite>